[debug] [2024-03-10T05:30:51.306Z] ----------------------------------------------------------------------
[debug] [2024-03-10T05:30:51.308Z] Command:       C:\Program Files\nodejs\node.exe C:\Users\bftpg\AppData\Roaming\npm\node_modules\firebase-tools\lib\bin\firebase.js init functions
[debug] [2024-03-10T05:30:51.309Z] CLI Version:   13.4.1
[debug] [2024-03-10T05:30:51.309Z] Platform:      win32
[debug] [2024-03-10T05:30:51.309Z] Node Version:  v18.12.1
[debug] [2024-03-10T05:30:51.310Z] Time:          Sun Mar 10 2024 00:30:51 GMT-0500 (hora estándar de Colombia)
[debug] [2024-03-10T05:30:51.310Z] ----------------------------------------------------------------------
[debug] 
[debug] [2024-03-10T05:30:51.317Z] > command requires scopes: ["email","openid","https://www.googleapis.com/auth/cloudplatformprojects.readonly","https://www.googleapis.com/auth/firebase","https://www.googleapis.com/auth/cloud-platform"]
[debug] [2024-03-10T05:30:51.317Z] > authorizing via signed-in user (bftpgjhonwilmar@gmail.com)
[info] 
     ######## #### ########  ######## ########     ###     ######  ########
     ##        ##  ##     ## ##       ##     ##  ##   ##  ##       ##
     ######    ##  ########  ######   ########  #########  ######  ######
     ##        ##  ##    ##  ##       ##     ## ##     ##       ## ##
     ##       #### ##     ## ######## ########  ##     ##  ######  ########

You're about to initialize a Firebase project in this directory:

  C:\Users\bftpg\OneDrive\Escritorio\back-kevin\back-Gruapp

[info] 
=== Project Setup
[info] 
[info] First, let's associate this project directory with a Firebase project.
[info] You can create multiple project aliases by running firebase use --add, 
[info] but for now we'll just set up a default project.
[info] 
[info] i  If you want to create a project in a Google Cloud organization or folder, please use "firebase projects:create" instead, and return to this command when you've created the project. 
[debug] [2024-03-10T05:33:44.087Z] >>> [apiv2][query] POST https://cloudresourcemanager.googleapis.com/v1/projects [none]
[debug] [2024-03-10T05:33:44.087Z] >>> [apiv2][body] POST https://cloudresourcemanager.googleapis.com/v1/projects {"projectId":"imagenes","name":"javascript"}
[debug] [2024-03-10T05:33:44.861Z] <<< [apiv2][status] POST https://cloudresourcemanager.googleapis.com/v1/projects 409
[debug] [2024-03-10T05:33:44.861Z] <<< [apiv2][body] POST https://cloudresourcemanager.googleapis.com/v1/projects {"error":{"code":409,"message":"Requested entity already exists","status":"ALREADY_EXISTS"}}
[debug] [2024-03-10T05:33:45.172Z] FirebaseError: HTTP Error: 409, Requested entity already exists
    at responseToError (C:\Users\bftpg\AppData\Roaming\npm\node_modules\firebase-tools\lib\responseToError.js:49:12)
    at RetryOperation._fn (C:\Users\bftpg\AppData\Roaming\npm\node_modules\firebase-tools\lib\apiv2.js:297:77)
    at process.processTicksAndRejections (node:internal/process/task_queues:95:5)
[error] 
[error] Error: Failed to create project because there is already a project with ID imagenes. Please try again with a unique project ID.
